#
# A fatal error has been detected by the Java Runtime Environment:
#
#  EXCEPTION_ACCESS_VIOLATION (0xc0000005) at pc=0x0000000064bf9575, pid=19312, tid=0x0000000000002a8c
#
# JRE version: Java(TM) SE Runtime Environment (8.0_92-b14) (build 1.8.0_92-b14)
# Java VM: Java HotSpot(TM) 64-Bit Server VM (25.92-b14 mixed mode windows-amd64 compressed oops)
# Problematic frame:
# V  [jvm.dll+0x129575]
#
# Failed to write core dump. Minidumps are not enabled by default on client versions of Windows
#
# If you would like to submit a bug report, please visit:
#   http://bugreport.java.com/bugreport/crash.jsp
#

---------------  T H R E A D  ---------------

Current thread (0x000000001a0b7800):  JavaThread "JDWP Transport Listener: dt_socket" daemon [_thread_in_vm, id=10892, stack(0x000000001abc0000,0x000000001acc0000)]

siginfo: ExceptionCode=0xc0000005, reading address 0xffffffffffffffff

Registers:
RAX=0x000000001acbf601, RBX=0x000000001a0b7800, RCX=0x003b7463656a624f, RDX=0x0000000000000000
RSP=0x000000001acbf5c0, RBP=0x003b7463656a624f, RSI=0x000000001acbf6d8, RDI=0x000000000159d720
R8 =0x000000001a0b7800, R9 =0x0000000000000001, R10=0x0000000000008000, R11=0x000000001acbf510
R12=0x0000000000000000, R13=0x000000001a0c1b78, R14=0x0000000000000000, R15=0x0000000000000000
RIP=0x0000000064bf9575, EFLAGS=0x0000000000010202

Top of Stack: (sp=0x000000001acbf5c0)
0x000000001acbf5c0:   000000001a0b7800 000000001a0b7800
0x000000001acbf5d0:   000000001acbf688 0000000064dffbab
0x000000001acbf5e0:   000000001a0b7800 0000000064e1c40d
0x000000001acbf5f0:   0000000000000000 0000000064a69155
0x000000001acbf600:   0000000022dbcaa0 0000000064a7291e
0x000000001acbf610:   000000001a0b7800 0000000000000000
0x000000001acbf620:   0000000000000000 0000000000000000
0x000000001acbf630:   003b7463656a624f 0000000064a71a15
0x000000001acbf640:   000000001acbf6d8 000000001acbf6b0
0x000000001acbf650:   0000000000000001 0000000022dbcaa0
0x000000001acbf660:   003b7463656a624f 0000000064a553b3
0x000000001acbf670:   000000001acbf7a0 0000000000000001
0x000000001acbf680:   0000000000000001 0000000022dbcaa0
0x000000001acbf690:   0000000000000008 0000000000000000
0x000000001acbf6a0:   0000000000000000 0000000000000000
0x000000001acbf6b0:   0000000000000001 0000000064a55571 

Instructions: (pc=0x0000000064bf9575)
0x0000000064bf9555:   cc cc cc cc cc cc cc cc cc cc cc 48 83 ec 28 48
0x0000000064bf9565:   85 c9 75 07 33 c0 48 83 c4 28 c3 48 89 5c 24 20
0x0000000064bf9575:   48 8b 19 48 85 db 74 20 48 83 fb 37 74 1a 48 8b
0x0000000064bf9585:   13 48 8b cb ff 52 10 84 c0 74 0d 48 8b c3 48 8b 


Register to memory mapping:

RAX=0x000000001acbf601 is pointing into the stack for thread: 0x000000001a0b7800
RBX=0x000000001a0b7800 is a thread
RCX=0x003b7463656a624f is an unknown value
RDX=0x0000000000000000 is an unknown value
RSP=0x000000001acbf5c0 is pointing into the stack for thread: 0x000000001a0b7800
RBP=0x003b7463656a624f is an unknown value
RSI=0x000000001acbf6d8 is pointing into the stack for thread: 0x000000001a0b7800
RDI=0x000000000159d720 is an unknown value
R8 =0x000000001a0b7800 is a thread
R9 =0x0000000000000001 is an unknown value
R10=0x0000000000008000 is an unknown value
R11=0x000000001acbf510 is pointing into the stack for thread: 0x000000001a0b7800
R12=0x0000000000000000 is an unknown value
R13=0x000000001a0c1b78 is an unknown value
R14=0x0000000000000000 is an unknown value
R15=0x0000000000000000 is an unknown value


Stack: [0x000000001abc0000,0x000000001acc0000],  sp=0x000000001acbf5c0,  free space=1021k
Native frames: (J=compiled Java code, j=interpreted, Vv=VM code, C=native code)
V  [jvm.dll+0x129575]
V  [jvm.dll+0x34c40d]
C  [jdwp.dll+0x21a15]
C  [jdwp.dll+0x53b3]
C  [jdwp.dll+0x5571]
C  [jdwp.dll+0xf0a8]
C  [jdwp.dll+0x1f2d5]
C  [jdwp.dll+0x1f4aa]
V  [jvm.dll+0x1bc3e8]
V  [jvm.dll+0x244314]
V  [jvm.dll+0x29b34a]
C  [msvcr100.dll+0x21d9f]
C  [msvcr100.dll+0x21e3b]
C  [KERNEL32.DLL+0x17034]
C  [ntdll.dll+0x52651]


---------------  P R O C E S S  ---------------

Java Threads: ( => current thread )
  0x000000002225a800 JavaThread "DestroyJavaVM" [_thread_blocked, id=11584, stack(0x0000000002e20000,0x0000000002f20000)]
  0x000000002225a000 JavaThread "http-nio-4565-Acceptor" daemon [_thread_in_native, id=17448, stack(0x000000002c5e0000,0x000000002c6e0000)]
  0x0000000022259000 JavaThread "http-nio-4565-Poller" daemon [_thread_in_native, id=18208, stack(0x000000002c4e0000,0x000000002c5e0000)]
  0x0000000022256000 JavaThread "http-nio-4565-exec-10" daemon [_thread_blocked, id=18964, stack(0x000000002c3e0000,0x000000002c4e0000)]
  0x0000000022252800 JavaThread "http-nio-4565-exec-9" daemon [_thread_blocked, id=12904, stack(0x000000002c2e0000,0x000000002c3e0000)]
  0x0000000022254000 JavaThread "http-nio-4565-exec-8" daemon [_thread_blocked, id=444, stack(0x000000002c1e0000,0x000000002c2e0000)]
  0x0000000022258800 JavaThread "http-nio-4565-exec-7" daemon [_thread_blocked, id=18560, stack(0x000000002c0e0000,0x000000002c1e0000)]
  0x0000000022255800 JavaThread "http-nio-4565-exec-6" daemon [_thread_blocked, id=8120, stack(0x000000002bfe0000,0x000000002c0e0000)]
  0x0000000022257800 JavaThread "http-nio-4565-exec-5" daemon [_thread_blocked, id=17320, stack(0x000000002bee0000,0x000000002bfe0000)]
  0x0000000022257000 JavaThread "http-nio-4565-exec-4" daemon [_thread_blocked, id=12332, stack(0x000000002a610000,0x000000002a710000)]
  0x0000000022253000 JavaThread "http-nio-4565-exec-3" daemon [_thread_blocked, id=3836, stack(0x000000002a510000,0x000000002a610000)]
  0x0000000027b88800 JavaThread "http-nio-4565-exec-2" daemon [_thread_blocked, id=17140, stack(0x000000002a410000,0x000000002a510000)]
  0x0000000027b8d000 JavaThread "http-nio-4565-exec-1" daemon [_thread_blocked, id=15292, stack(0x0000000029c80000,0x0000000029d80000)]
  0x0000000027b88000 JavaThread "Live Reload Server" daemon [_thread_in_native, id=17132, stack(0x0000000029d80000,0x0000000029e80000)]
  0x0000000027b8b800 JavaThread "File Watcher" daemon [_thread_blocked, id=16292, stack(0x0000000026610000,0x0000000026710000)]
  0x0000000027b87000 JavaThread "HikariPool-1 housekeeper" daemon [_thread_blocked, id=16848, stack(0x0000000026750000,0x0000000026850000)]
  0x0000000027b8c800 JavaThread "InterruptTimer" daemon [_thread_blocked, id=18044, stack(0x0000000021950000,0x0000000021a50000)]
  0x0000000027b8b000 JavaThread "oracle.jdbc.driver.BlockSource.ThreadedCachingBlockSource.BlockReleaser" daemon [_thread_blocked, id=18108, stack(0x0000000021850000,0x0000000021950000)]
  0x000000001fb7a800 JavaThread "container-0" [_thread_blocked, id=17532, stack(0x00000000200d0000,0x00000000201d0000)]
  0x000000001fa16800 JavaThread "Catalina-utility-2" [_thread_blocked, id=18076, stack(0x000000001d540000,0x000000001d640000)]
  0x0000000024c00800 JavaThread "Catalina-utility-1" [_thread_blocked, id=19144, stack(0x000000001d1d0000,0x000000001d2d0000)]
  0x000000001af99000 JavaThread "Service Thread" daemon [_thread_blocked, id=19324, stack(0x000000001bac0000,0x000000001bbc0000)]
  0x000000001af10800 JavaThread "C1 CompilerThread3" daemon [_thread_blocked, id=12984, stack(0x000000001b9c0000,0x000000001bac0000)]
  0x000000001af0f800 JavaThread "C2 CompilerThread2" daemon [_thread_blocked, id=11032, stack(0x000000001b8c0000,0x000000001b9c0000)]
  0x000000001af0b000 JavaThread "C2 CompilerThread1" daemon [_thread_blocked, id=13072, stack(0x000000001b7c0000,0x000000001b8c0000)]
  0x000000001af06000 JavaThread "C2 CompilerThread0" daemon [_thread_blocked, id=144, stack(0x000000001b6c0000,0x000000001b7c0000)]
  0x000000001a0c5000 JavaThread "JDWP Command Reader" daemon [_thread_in_native, id=17028, stack(0x000000001adc0000,0x000000001aec0000)]
  0x000000001a0c3800 JavaThread "JDWP Event Helper Thread" daemon [_thread_blocked, id=13832, stack(0x000000001acc0000,0x000000001adc0000)]
=>0x000000001a0b7800 JavaThread "JDWP Transport Listener: dt_socket" daemon [_thread_in_vm, id=10892, stack(0x000000001abc0000,0x000000001acc0000)]
  0x000000001a0af800 JavaThread "Attach Listener" daemon [_thread_blocked, id=17488, stack(0x000000001a780000,0x000000001a880000)]
  0x000000001a0ad000 JavaThread "Signal Dispatcher" daemon [_thread_blocked, id=19412, stack(0x000000001a680000,0x000000001a780000)]
  0x00000000031fd800 JavaThread "Finalizer" daemon [_thread_blocked, id=19116, stack(0x000000001a480000,0x000000001a580000)]
  0x00000000181ad000 JavaThread "Reference Handler" daemon [_thread_blocked, id=16832, stack(0x0000000019f80000,0x000000001a080000)]

Other Threads:
  0x00000000181a9800 VMThread [stack: 0x0000000019e80000,0x0000000019f80000] [id=268]
  0x000000001b061800 WatcherThread [stack: 0x000000001bbc0000,0x000000001bcc0000] [id=18952]

VM state:not at safepoint (normal execution)

VM Mutex/Monitor currently owned by a thread: None

Heap:
 PSYoungGen      total 303616K, used 36948K [0x00000000d5d00000, 0x00000000ecd80000, 0x0000000100000000)
  eden space 289280K, 7% used [0x00000000d5d00000,0x00000000d7336a30,0x00000000e7780000)
  from space 14336K, 99% used [0x00000000ebf80000,0x00000000ecd5e5f8,0x00000000ecd80000)
  to   space 19968K, 0% used [0x00000000ea680000,0x00000000ea680000,0x00000000eba00000)
 ParOldGen       total 125952K, used 23423K [0x0000000081600000, 0x0000000089100000, 0x00000000d5d00000)
  object space 125952K, 18% used [0x0000000081600000,0x0000000082cdfe20,0x0000000089100000)
 Metaspace       used 68408K, capacity 72193K, committed 72320K, reserved 1112064K
  class space    used 9153K, capacity 9766K, committed 9856K, reserved 1048576K

Card table byte_map: [0x00000000125c0000,0x00000000129c0000] byte_map_base: 0x00000000121b5000

Marking Bits: (ParMarkBitMap*) 0x00000000652e64f0
 Begin Bits: [0x0000000013470000, 0x0000000015418000)
 End Bits:   [0x0000000015418000, 0x00000000173c0000)

Polling page: 0x00000000015e0000

CodeCache: size=245760Kb used=17686Kb max_used=18855Kb free=228073Kb
 bounds [0x0000000003200000, 0x00000000044f0000, 0x0000000012200000]
 total_blobs=5375 nmethods=4756 adapters=538
 compilation: enabled

Compilation events (10 events):
Event: 606.650 Thread 0x000000001af10800 5676       3       java.util.concurrent.ConcurrentHashMap$BaseIterator::<init> (21 bytes)
Event: 606.650 Thread 0x000000001af10800 nmethod 5676 0x0000000004265b90 code [0x0000000004265d00, 0x0000000004265f98]
Event: 634.285 Thread 0x000000001af10800 5677       1       java.util.TaskQueue::getMin (7 bytes)
Event: 634.285 Thread 0x000000001af10800 nmethod 5677 0x0000000004273f50 code [0x00000000042740a0, 0x00000000042741d0]
Event: 637.691 Thread 0x000000001af10800 5678       3       java.util.concurrent.atomic.AtomicIntegerFieldUpdater$AtomicIntegerFieldUpdaterImpl::accessCheck (17 bytes)
Event: 637.691 Thread 0x000000001af10800 nmethod 5678 0x00000000038fb110 code [0x00000000038fb280, 0x00000000038fb508]
Event: 637.691 Thread 0x000000001af10800 5679       3       com.zaxxer.hikari.pool.PoolEntry::getState (8 bytes)
Event: 637.691 Thread 0x000000001af10800 nmethod 5679 0x00000000038faa90 code [0x00000000038fac20, 0x00000000038fafc8]
Event: 696.728 Thread 0x000000001af0b000 5680       4       java.util.concurrent.CopyOnWriteArrayList$COWIterator::next (32 bytes)
Event: 696.729 Thread 0x000000001af0b000 nmethod 5680 0x00000000037ee490 code [0x00000000037ee5e0, 0x00000000037ee6d8]

GC Heap History (10 events):
Event: 6.144 GC heap before
{Heap before GC invocations=11 (full 2):
 PSYoungGen      total 217600K, used 9406K [0x00000000d5d00000, 0x00000000e7800000, 0x0000000100000000)
  eden space 206848K, 0% used [0x00000000d5d00000,0x00000000d5d00000,0x00000000e2700000)
  from space 10752K, 87% used [0x00000000e2700000,0x00000000e302f878,0x00000000e3180000)
  to   space 11776K, 0% used [0x00000000e6c80000,0x00000000e6c80000,0x00000000e7800000)
 ParOldGen       total 53760K, used 8233K [0x0000000081600000, 0x0000000084a80000, 0x00000000d5d00000)
  object space 53760K, 15% used [0x0000000081600000,0x0000000081e0a778,0x0000000084a80000)
 Metaspace       used 33317K, capacity 35439K, committed 35496K, reserved 1081344K
  class space    used 4167K, capacity 4570K, committed 4608K, reserved 1048576K
Event: 6.182 GC heap after
Heap after GC invocations=11 (full 2):
 PSYoungGen      total 217600K, used 0K [0x00000000d5d00000, 0x00000000e7800000, 0x0000000100000000)
  eden space 206848K, 0% used [0x00000000d5d00000,0x00000000d5d00000,0x00000000e2700000)
  from space 10752K, 0% used [0x00000000e2700000,0x00000000e2700000,0x00000000e3180000)
  to   space 11776K, 0% used [0x00000000e6c80000,0x00000000e6c80000,0x00000000e7800000)
 ParOldGen       total 80896K, used 13070K [0x0000000081600000, 0x0000000086500000, 0x00000000d5d00000)
  object space 80896K, 16% used [0x0000000081600000,0x00000000822c3920,0x0000000086500000)
 Metaspace       used 33317K, capacity 35439K, committed 35496K, reserved 1081344K
  class space    used 4167K, capacity 4570K, committed 4608K, reserved 1048576K
}
Event: 7.557 GC heap before
{Heap before GC invocations=12 (full 2):
 PSYoungGen      total 217600K, used 206848K [0x00000000d5d00000, 0x00000000e7800000, 0x0000000100000000)
  eden space 206848K, 100% used [0x00000000d5d00000,0x00000000e2700000,0x00000000e2700000)
  from space 10752K, 0% used [0x00000000e2700000,0x00000000e2700000,0x00000000e3180000)
  to   space 11776K, 0% used [0x00000000e6c80000,0x00000000e6c80000,0x00000000e7800000)
 ParOldGen       total 80896K, used 13070K [0x0000000081600000, 0x0000000086500000, 0x00000000d5d00000)
  object space 80896K, 16% used [0x0000000081600000,0x00000000822c3920,0x0000000086500000)
 Metaspace       used 47185K, capacity 49563K, committed 49920K, reserved 1093632K
  class space    used 6145K, capacity 6571K, committed 6656K, reserved 1048576K
Event: 7.575 GC heap after
Heap after GC invocations=12 (full 2):
 PSYoungGen      total 271872K, used 11764K [0x00000000d5d00000, 0x00000000e8c80000, 0x0000000100000000)
  eden space 260096K, 0% used [0x00000000d5d00000,0x00000000d5d00000,0x00000000e5b00000)
  from space 11776K, 99% used [0x00000000e6c80000,0x00000000e77fd2b0,0x00000000e7800000)
  to   space 17920K, 0% used [0x00000000e5b00000,0x00000000e5b00000,0x00000000e6c80000)
 ParOldGen       total 80896K, used 25359K [0x0000000081600000, 0x0000000086500000, 0x00000000d5d00000)
  object space 80896K, 31% used [0x0000000081600000,0x0000000082ec3eb8,0x0000000086500000)
 Metaspace       used 47185K, capacity 49563K, committed 49920K, reserved 1093632K
  class space    used 6145K, capacity 6571K, committed 6656K, reserved 1048576K
}
Event: 8.972 GC heap before
{Heap before GC invocations=13 (full 2):
 PSYoungGen      total 271872K, used 159277K [0x00000000d5d00000, 0x00000000e8c80000, 0x0000000100000000)
  eden space 260096K, 56% used [0x00000000d5d00000,0x00000000ded0e418,0x00000000e5b00000)
  from space 11776K, 99% used [0x00000000e6c80000,0x00000000e77fd2b0,0x00000000e7800000)
  to   space 17920K, 0% used [0x00000000e5b00000,0x00000000e5b00000,0x00000000e6c80000)
 ParOldGen       total 80896K, used 25359K [0x0000000081600000, 0x0000000086500000, 0x00000000d5d00000)
  object space 80896K, 31% used [0x0000000081600000,0x0000000082ec3eb8,0x0000000086500000)
 Metaspace       used 56441K, capacity 59053K, committed 59160K, reserved 1099776K
  class space    used 7522K, capacity 8010K, committed 8064K, reserved 1048576K
Event: 8.993 GC heap after
Heap after GC invocations=13 (full 2):
 PSYoungGen      total 278016K, used 13094K [0x00000000d5d00000, 0x00000000ed180000, 0x0000000100000000)
  eden space 260096K, 0% used [0x00000000d5d00000,0x00000000d5d00000,0x00000000e5b00000)
  from space 17920K, 73% used [0x00000000e5b00000,0x00000000e67c98b0,0x00000000e6c80000)
  to   space 18432K, 0% used [0x00000000ebf80000,0x00000000ebf80000,0x00000000ed180000)
 ParOldGen       total 80896K, used 25399K [0x0000000081600000, 0x0000000086500000, 0x00000000d5d00000)
  object space 80896K, 31% used [0x0000000081600000,0x0000000082ecdec8,0x0000000086500000)
 Metaspace       used 56441K, capacity 59053K, committed 59160K, reserved 1099776K
  class space    used 7522K, capacity 8010K, committed 8064K, reserved 1048576K
}
Event: 8.993 GC heap before
{Heap before GC invocations=14 (full 3):
 PSYoungGen      total 278016K, used 13094K [0x00000000d5d00000, 0x00000000ed180000, 0x0000000100000000)
  eden space 260096K, 0% used [0x00000000d5d00000,0x00000000d5d00000,0x00000000e5b00000)
  from space 17920K, 73% used [0x00000000e5b00000,0x00000000e67c98b0,0x00000000e6c80000)
  to   space 18432K, 0% used [0x00000000ebf80000,0x00000000ebf80000,0x00000000ed180000)
 ParOldGen       total 80896K, used 25399K [0x0000000081600000, 0x0000000086500000, 0x00000000d5d00000)
  object space 80896K, 31% used [0x0000000081600000,0x0000000082ecdec8,0x0000000086500000)
 Metaspace       used 56441K, capacity 59053K, committed 59160K, reserved 1099776K
  class space    used 7522K, capacity 8010K, committed 8064K, reserved 1048576K
Event: 9.402 GC heap after
Heap after GC invocations=14 (full 3):
 PSYoungGen      total 278016K, used 0K [0x00000000d5d00000, 0x00000000ed180000, 0x0000000100000000)
  eden space 260096K, 0% used [0x00000000d5d00000,0x00000000d5d00000,0x00000000e5b00000)
  from space 17920K, 0% used [0x00000000e5b00000,0x00000000e5b00000,0x00000000e6c80000)
  to   space 18432K, 0% used [0x00000000ebf80000,0x00000000ebf80000,0x00000000ed180000)
 ParOldGen       total 125952K, used 23415K [0x0000000081600000, 0x0000000089100000, 0x00000000d5d00000)
  object space 125952K, 18% used [0x0000000081600000,0x0000000082cdde20,0x0000000089100000)
 Metaspace       used 56441K, capacity 59053K, committed 59160K, reserved 1099776K
  class space    used 7522K, capacity 8010K, committed 8064K, reserved 1048576K
}
Event: 438.969 GC heap before
{Heap before GC invocations=15 (full 3):
 PSYoungGen      total 278016K, used 260096K [0x00000000d5d00000, 0x00000000ed180000, 0x0000000100000000)
  eden space 260096K, 100% used [0x00000000d5d00000,0x00000000e5b00000,0x00000000e5b00000)
  from space 17920K, 0% used [0x00000000e5b00000,0x00000000e5b00000,0x00000000e6c80000)
  to   space 18432K, 0% used [0x00000000ebf80000,0x00000000ebf80000,0x00000000ed180000)
 ParOldGen       total 125952K, used 23415K [0x0000000081600000, 0x0000000089100000, 0x00000000d5d00000)
  object space 125952K, 18% used [0x0000000081600000,0x0000000082cdde20,0x0000000089100000)
 Metaspace       used 68388K, capacity 72193K, committed 72320K, reserved 1112064K
  class space    used 9152K, capacity 9766K, committed 9856K, reserved 1048576K
Event: 438.985 GC heap after
Heap after GC invocations=15 (full 3):
 PSYoungGen      total 303616K, used 14201K [0x00000000d5d00000, 0x00000000ecd80000, 0x0000000100000000)
  eden space 289280K, 0% used [0x00000000d5d00000,0x00000000d5d00000,0x00000000e7780000)
  from space 14336K, 99% used [0x00000000ebf80000,0x00000000ecd5e5f8,0x00000000ecd80000)
  to   space 19968K, 0% used [0x00000000ea680000,0x00000000ea680000,0x00000000eba00000)
 ParOldGen       total 125952K, used 23423K [0x0000000081600000, 0x0000000089100000, 0x00000000d5d00000)
  object space 125952K, 18% used [0x0000000081600000,0x0000000082cdfe20,0x0000000089100000)
 Metaspace       used 68388K, capacity 72193K, committed 72320K, reserved 1112064K
  class space    used 9152K, capacity 9766K, committed 9856K, reserved 1048576K
}

Deoptimization events (10 events):
Event: 217.196 Thread 0x0000000022253000 Uncommon trap: reason=unhandled action=none pc=0x0000000003b6a114 method=java.net.URLClassLoader.findClass(Ljava/lang/String;)Ljava/lang/Class; @ 44
Event: 217.199 Thread 0x0000000022253000 Uncommon trap: reason=unhandled action=none pc=0x0000000003b6a114 method=java.net.URLClassLoader.findClass(Ljava/lang/String;)Ljava/lang/Class; @ 44
Event: 217.204 Thread 0x0000000022253000 Uncommon trap: reason=unhandled action=none pc=0x0000000003b6a114 method=java.net.URLClassLoader.findClass(Ljava/lang/String;)Ljava/lang/Class; @ 44
Event: 217.204 Thread 0x0000000022253000 Uncommon trap: reason=unhandled action=none pc=0x0000000003b6a114 method=java.net.URLClassLoader.findClass(Ljava/lang/String;)Ljava/lang/Class; @ 44
Event: 217.205 Thread 0x0000000022253000 Uncommon trap: reason=unhandled action=none pc=0x0000000003b6a114 method=java.net.URLClassLoader.findClass(Ljava/lang/String;)Ljava/lang/Class; @ 44
Event: 217.205 Thread 0x0000000022253000 Uncommon trap: reason=unhandled action=none pc=0x0000000003b6a114 method=java.net.URLClassLoader.findClass(Ljava/lang/String;)Ljava/lang/Class; @ 44
Event: 217.206 Thread 0x0000000022253000 Uncommon trap: reason=unhandled action=none pc=0x0000000003b6a114 method=java.net.URLClassLoader.findClass(Ljava/lang/String;)Ljava/lang/Class; @ 44
Event: 217.208 Thread 0x0000000022253000 Uncommon trap: reason=unhandled action=none pc=0x0000000003b6a114 method=java.net.URLClassLoader.findClass(Ljava/lang/String;)Ljava/lang/Class; @ 44
Event: 217.209 Thread 0x0000000022253000 Uncommon trap: reason=unstable_if action=reinterpret pc=0x0000000003b3d804 method=java.util.IdentityHashMap.maskNull(Ljava/lang/Object;)Ljava/lang/Object; @ 1
Event: 217.209 Thread 0x0000000022253000 Uncommon trap: reason=unhandled action=none pc=0x0000000003b6a114 method=java.net.URLClassLoader.findClass(Ljava/lang/String;)Ljava/lang/Class; @ 44

Internal exceptions (10 events):
Event: 185.195 Thread 0x0000000027b88800 Exception <a 'java/lang/ArrayIndexOutOfBoundsException': 47> (0x00000000e32085a8) thrown at [D:\re\workspace\8-2-build-windows-amd64-cygwin\jdk8u92\6642\hotspot\src\share\vm\interpreter\interpreterRuntime.cpp, line 366]
Event: 185.197 Thread 0x0000000027b88800 Exception <a 'java/lang/ArrayIndexOutOfBoundsException': 113> (0x00000000e32247a0) thrown at [D:\re\workspace\8-2-build-windows-amd64-cygwin\jdk8u92\6642\hotspot\src\share\vm\interpreter\interpreterRuntime.cpp, line 366]
Event: 185.197 Thread 0x0000000027b88800 Exception <a 'java/lang/ArrayIndexOutOfBoundsException': 77> (0x00000000e3225de0) thrown at [D:\re\workspace\8-2-build-windows-amd64-cygwin\jdk8u92\6642\hotspot\src\share\vm\interpreter\interpreterRuntime.cpp, line 366]
Event: 196.637 Thread 0x0000000027b88800 Exception <a 'java/lang/ClassNotFoundException': java/lang/ObjectCustomizer> (0x00000000e3a1ca40) thrown at [D:\re\workspace\8-2-build-windows-amd64-cygwin\jdk8u92\6642\hotspot\src\share\vm\classfile\systemDictionary.cpp, line 210]
Event: 196.642 Thread 0x0000000027b88800 Exception <a 'java/lang/ArrayIndexOutOfBoundsException': 22> (0x00000000e3a1ff70) thrown at [D:\re\workspace\8-2-build-windows-amd64-cygwin\jdk8u92\6642\hotspot\src\share\vm\interpreter\interpreterRuntime.cpp, line 366]
Event: 196.667 Thread 0x0000000027b88800 Exception <a 'java/lang/ClassNotFoundException': com/bs/login/LoginDetailsCustomizer> (0x00000000e3a36270) thrown at [D:\re\workspace\8-2-build-windows-amd64-cygwin\jdk8u92\6642\hotspot\src\share\vm\classfile\systemDictionary.cpp, line 210]
Event: 217.178 Thread 0x0000000022253000 Exception <a 'java/lang/NoSuchMethodError': java.lang.Object.lambda$mapIfAllPresent$6(Ljava/util/Optional;Ljava/util/function/BiFunction;Ljava/lang/Object;)Ljava/util/Optional;> (0x00000000e49433b0) thrown at [D:\re\workspace\8-2-build-windows-amd64-cygwin©UªúË%k@
Event: 217.181 Thread 0x0000000022253000 Exception <a 'java/lang/NoSuchMethodError': java.lang.Object.lambda$null$5(Ljava/util/function/BiFunction;Ljava/lang/Object;Ljava/lang/Object;)Ljava/lang/Object;> (0x00000000e4947e68) thrown at [D:\re\workspace\8-2-build-windows-amd64-cygwin\jdk8u92\6642\h¿¸T¥­&k@
Event: 217.209 Thread 0x0000000022253000 Implicit null exception at 0x0000000003b3d64f to 0x0000000003b3d7ed
Event: 217.211 Thread 0x0000000022253000 Exception <a 'java/lang/NoSuchMethodError': java.lang.Object.lambda$static$0(Lorg/hibernate/type/EntityType;Ljava/lang/Object;Lorg/hibernate/engine/spi/SharedSessionContractImplementor;Ljava/lang/Object;Ljava/lang/Boolean;)Ljava/lang/Object;> (0x00000000e4

Events (10 events):
Event: 261.939 Thread 0x000000001af10800 flushing nmethod 0x0000000004006cd0
Event: 261.939 Thread 0x000000001af10800 flushing nmethod 0x000000000404b0d0
Event: 261.939 Thread 0x000000001af10800 flushing nmethod 0x000000000404c510
Event: 262.284 Thread 0x000000001af10800 flushing nmethod 0x0000000004308b90
Event: 262.284 Thread 0x000000001af10800 flushing nmethod 0x00000000043d4b10
Event: 262.284 Thread 0x000000001af10800 flushing nmethod 0x00000000043f5f50
Event: 438.969 Executing VM operation: ParallelGCFailedAllocation
Event: 438.985 Executing VM operation: ParallelGCFailedAllocation done
Event: 703.067 Executing VM operation: RedefineClasses
Event: 703.114 Executing VM operation: RedefineClasses done


Dynamic libraries:
0x00007ff75cd90000 - 0x00007ff75cdc7000 	C:\Program Files\Java\jdk1.8.0_92\bin\javaw.exe
0x00007ffda18f0000 - 0x00007ffda1ae5000 	C:\WINDOWS\SYSTEM32\ntdll.dll
0x00007ffda12d0000 - 0x00007ffda138e000 	C:\WINDOWS\System32\KERNEL32.DLL
0x00007ffd9f680000 - 0x00007ffd9f948000 	C:\WINDOWS\System32\KERNELBASE.dll
0x00007ffda1220000 - 0x00007ffda12ce000 	C:\WINDOWS\System32\ADVAPI32.dll
0x00007ffda02f0000 - 0x00007ffda038e000 	C:\WINDOWS\System32\msvcrt.dll
0x00007ffda0170000 - 0x00007ffda020c000 	C:\WINDOWS\System32\sechost.dll
0x00007ffda1460000 - 0x00007ffda1585000 	C:\WINDOWS\System32\RPCRT4.dll
0x00007ffda0ef0000 - 0x00007ffda1090000 	C:\WINDOWS\System32\USER32.dll
0x00007ffd9f080000 - 0x00007ffd9f0a2000 	C:\WINDOWS\System32\win32u.dll
0x00007ffda16b0000 - 0x00007ffda16da000 	C:\WINDOWS\System32\GDI32.dll
0x00007ffd9f570000 - 0x00007ffd9f67b000 	C:\WINDOWS\System32\gdi32full.dll
0x00007ffd9f0e0000 - 0x00007ffd9f17d000 	C:\WINDOWS\System32\msvcp_win.dll
0x00007ffd9f3c0000 - 0x00007ffd9f4c0000 	C:\WINDOWS\System32\ucrtbase.dll
0x00007ffd87270000 - 0x00007ffd8750a000 	C:\WINDOWS\WinSxS\amd64_microsoft.windows.common-controls_6595b64144ccf1df_6.0.19041.1110_none_60b5254171f9507e\COMCTL32.dll
0x00007ffda0440000 - 0x00007ffda0470000 	C:\WINDOWS\System32\IMM32.DLL
0x0000000065370000 - 0x0000000065442000 	C:\Program Files\Java\jdk1.8.0_92\jre\bin\msvcr100.dll
0x0000000064ad0000 - 0x0000000065366000 	C:\Program Files\Java\jdk1.8.0_92\jre\bin\server\jvm.dll
0x00007ffda1450000 - 0x00007ffda1458000 	C:\WINDOWS\System32\PSAPI.DLL
0x00007ffd8b560000 - 0x00007ffd8b569000 	C:\WINDOWS\SYSTEM32\WSOCK32.dll
0x00007ffda1830000 - 0x00007ffda189b000 	C:\WINDOWS\System32\WS2_32.dll
0x00007ffd89b70000 - 0x00007ffd89b97000 	C:\WINDOWS\SYSTEM32\WINMM.dll
0x00007ffd97420000 - 0x00007ffd9742a000 	C:\WINDOWS\SYSTEM32\VERSION.dll
0x0000000064ac0000 - 0x0000000064acf000 	C:\Program Files\Java\jdk1.8.0_92\jre\bin\verify.dll
0x0000000064a90000 - 0x0000000064ab9000 	C:\Program Files\Java\jdk1.8.0_92\jre\bin\java.dll
0x0000000064a50000 - 0x0000000064a85000 	C:\Program Files\Java\jdk1.8.0_92\jre\bin\jdwp.dll
0x0000000064a40000 - 0x0000000064a48000 	C:\Program Files\Java\jdk1.8.0_92\jre\bin\npt.dll
0x0000000064a10000 - 0x0000000064a33000 	C:\Program Files\Java\jdk1.8.0_92\jre\bin\instrument.dll
0x00000000649f0000 - 0x0000000064a06000 	C:\Program Files\Java\jdk1.8.0_92\jre\bin\zip.dll
0x00007ffd9f950000 - 0x00007ffda0094000 	C:\WINDOWS\System32\SHELL32.dll
0x00007ffd9d130000 - 0x00007ffd9d8c4000 	C:\WINDOWS\SYSTEM32\windows.storage.dll
0x00007ffda0470000 - 0x00007ffda07c4000 	C:\WINDOWS\System32\combase.dll
0x00007ffd9ea80000 - 0x00007ffd9eaac000 	C:\WINDOWS\SYSTEM32\Wldp.dll
0x00007ffda0390000 - 0x00007ffda043d000 	C:\WINDOWS\System32\SHCORE.dll
0x00007ffda1390000 - 0x00007ffda13e5000 	C:\WINDOWS\System32\shlwapi.dll
0x00007ffd9ef50000 - 0x00007ffd9ef6f000 	C:\WINDOWS\SYSTEM32\profapi.dll
0x0000000063c40000 - 0x0000000063c49000 	C:\Program Files\Java\jdk1.8.0_92\jre\bin\dt_socket.dll
0x00007ffd89fa0000 - 0x00007ffd89fb7000 	C:\WINDOWS\system32\napinsp.dll
0x00007ffd89ab0000 - 0x00007ffd89acb000 	C:\WINDOWS\system32\pnrpnsp.dll
0x00007ffd99cd0000 - 0x00007ffd99ce5000 	C:\WINDOWS\system32\wshbth.dll
0x00007ffd9a940000 - 0x00007ffd9a95d000 	C:\WINDOWS\system32\NLAapi.dll
0x00007ffd9e480000 - 0x00007ffd9e4bb000 	C:\WINDOWS\SYSTEM32\IPHLPAPI.DLL
0x00007ffd9e7e0000 - 0x00007ffd9e84a000 	C:\WINDOWS\System32\mswsock.dll
0x00007ffd9e4c0000 - 0x00007ffd9e58b000 	C:\WINDOWS\SYSTEM32\DNSAPI.dll
0x00007ffda18a0000 - 0x00007ffda18a8000 	C:\WINDOWS\System32\NSI.dll
0x00007ffd89a70000 - 0x00007ffd89a82000 	C:\WINDOWS\System32\winrnr.dll
0x00007ffd8fa80000 - 0x00007ffd8faff000 	C:\WINDOWS\System32\fwpuclnt.dll
0x00007ffd9f0b0000 - 0x00007ffd9f0d7000 	C:\WINDOWS\System32\bcrypt.dll
0x00007ffd8fa20000 - 0x00007ffd8fa2a000 	C:\Windows\System32\rasadhlp.dll
0x0000000063c30000 - 0x0000000063c3d000 	C:\Program Files\Java\jdk1.8.0_92\jre\bin\management.dll
0x0000000063c10000 - 0x0000000063c2a000 	C:\Program Files\Java\jdk1.8.0_92\jre\bin\net.dll
0x0000000063bf0000 - 0x0000000063c01000 	C:\Program Files\Java\jdk1.8.0_92\jre\bin\nio.dll
0x00007ffd9e9d0000 - 0x00007ffd9e9e8000 	C:\WINDOWS\SYSTEM32\CRYPTSP.dll
0x00007ffd9e0f0000 - 0x00007ffd9e124000 	C:\WINDOWS\system32\rsaenh.dll
0x00007ffd9eed0000 - 0x00007ffd9eefe000 	C:\WINDOWS\SYSTEM32\USERENV.dll
0x00007ffd9f180000 - 0x00007ffd9f202000 	C:\WINDOWS\System32\bcryptprimitives.dll
0x00007ffd9e9f0000 - 0x00007ffd9e9fc000 	C:\WINDOWS\SYSTEM32\CRYPTBASE.dll
0x00007ffd97270000 - 0x00007ffd97287000 	C:\WINDOWS\SYSTEM32\dhcpcsvc6.DLL
0x00007ffd95a30000 - 0x00007ffd95a4d000 	C:\WINDOWS\SYSTEM32\dhcpcsvc.DLL
0x0000000063bc0000 - 0x0000000063be4000 	C:\Program Files\Java\jdk1.8.0_92\jre\bin\sunec.dll
0x00007ffd9c7b0000 - 0x00007ffd9c994000 	C:\WINDOWS\SYSTEM32\dbghelp.dll

VM Arguments:
jvm_args: -agentlib:jdwp=transport=dt_socket,suspend=y,address=localhost:62218 -javaagent:C:\Users\Hi\Desktop\sts-4.14.0.RELEASE\configuration\org.eclipse.osgi\265\0\.cp\lib\javaagent-shaded.jar -Dfile.encoding=UTF-8 
java_command: com.bs.BasicWebAppApplication
java_class_path (initial): E:\2022 Company preperation\Local Repos\Spring-Boot-Web-Application\target\classes;C:\Users\Hi\.m2\repository\javax\servlet\jstl\1.2\jstl-1.2.jar;C:\Users\Hi\.m2\repository\org\apache\tomcat\embed\tomcat-embed-jasper\9.0.58\tomcat-embed-jasper-9.0.58.jar;C:\Users\Hi\.m2\repository\org\apache\tomcat\embed\tomcat-embed-core\9.0.58\tomcat-embed-core-9.0.58.jar;C:\Users\Hi\.m2\repository\org\apache\tomcat\tomcat-annotations-api\9.0.58\tomcat-annotations-api-9.0.58.jar;C:\Users\Hi\.m2\repository\org\apache\tomcat\embed\tomcat-embed-el\9.0.58\tomcat-embed-el-9.0.58.jar;C:\Users\Hi\.m2\repository\org\eclipse\jdt\ecj\3.18.0\ecj-3.18.0.jar;C:\Users\Hi\.m2\repository\org\springframework\boot\spring-boot-starter-web\2.6.4\spring-boot-starter-web-2.6.4.jar;C:\Users\Hi\.m2\repository\org\springframework\boot\spring-boot-starter\2.6.4\spring-boot-starter-2.6.4.jar;C:\Users\Hi\.m2\repository\org\springframework\boot\spring-boot-starter-logging\2.6.4\spring-boot-starter-logging-2.6.4.jar;C:\Users\Hi\.m2\repository\ch\qos\logback\logback-classic\1.2.10\logback-classic-1.2.10.jar;C:\Users\Hi\.m2\repository\ch\qos\logback\logback-core\1.2.10\logback-core-1.2.10.jar;C:\Users\Hi\.m2\repository\org\apache\logging\log4j\log4j-to-slf4j\2.17.1\log4j-to-slf4j-2.17.1.jar;C:\Users\Hi\.m2\repository\org\slf4j\jul-to-slf4j\1.7.36\jul-to-slf4j-1.7.36.jar;C:\Users\Hi\.m2\repository\jakarta\annotation\jakarta.annotation-api\1.3.5\jakarta.annotation-api-1.3.5.jar;C:\Users\Hi\.m2\repository\org\yaml\snakeyaml\1.29\snakeyaml-1.29.jar;C:\Users\Hi\.m2\repository\org\springframework\boot\spring-boot-starter-json\2.6.4\spring-boot-starter-json-2.6.4.jar;C:\Users\Hi\.m2\repository\com\fasterxml\jackson\datatype\jackson-datatype-jdk8\2.13.1\jackson-datatype-jdk8-2.13.1.jar;C:\Users\Hi\.m2\repository\com\fasterxml\jackson\datatype\jackson-datatype-jsr310\2.13.1\jackson-datatype-jsr310-2.13.1.jar;C:\Users\Hi\.m2\repository\com\fasterxml\jackson\module\jackson-module-parameter-name
Launcher Type: SUN_STANDARD

Environment Variables:
JAVA_HOME=C:\Program Files\Java\jdk1.8.0_201
CLASSPATH=C:\Program Files\Java\jre1.8.0_92\lib\rt.jar
PATH=C:\Program Files\Java\jdk1.8.0_92\jre\bin;C:/Users/Hi/Desktop/sts-4.14.0.RELEASE//plugins/org.eclipse.justj.openjdk.hotspot.jre.full.win32.x86_64_17.0.2.v20220201-1208/jre/bin/server;C:/Users/Hi/Desktop/sts-4.14.0.RELEASE//plugins/org.eclipse.justj.openjdk.hotspot.jre.full.win32.x86_64_17.0.2.v20220201-1208/jre/bin;C:\ProgramData\Oracle\Java\javapath;C:\Program Files (x86)\Common Files\Oracle\Java\javapath;E:\All Softwares\apache-maven-3.6.1\bin;C:\oraclexe\app\oracle\product\11.2.0\server\bin;C:\Program Files\Java\jdk1.8.0_201\bin;C:\WINDOWS\system32;C:\WINDOWS;C:\WINDOWS\System32\Wbem;C:\WINDOWS\System32\WindowsPowerShell\v1.0\;C:\WINDOWS\System32\OpenSSH\;C:\Windows\IsmFiles;C:\Program Files\nodejs;C:\Program Files\VisualSVN Server\bin;C:\Program Files\TortoiseSVN\bin;C:\Program Files\Cloud Foundry;C:\Program Files\Git\cmd;C:\ProgramData\chocolatey\bin;C:\Program Files\nodejs\;C:\Users\Hi\scoop\shims;C:\Users\Hi\AppData\Local\Microsoft\WindowsApps;;C:\Program Files\JetBrains\IntelliJ IDEA 2019.2.1\bin;F:\Docker Toolbox;C:\Users\Hi\AppData\Local\Microsoft\WindowsApps;C:\Users\Hi\AppData\Roaming\npm;C:\Users\Hi\AppData\Local\Programs\Microsoft VS Code\bin;C:\Program Files\JetBrains\IntelliJ IDEA\bin;;C:\Program Files\JetBrains\IntelliJ IDEA Community Edition 2022.1\bin;;C:\Users\Hi\Desktop\sts-4.14.0.RELEASE;
USERNAME=Hi
OS=Windows_NT
PROCESSOR_IDENTIFIER=Intel64 Family 6 Model 142 Stepping 10, GenuineIntel



---------------  S Y S T E M  ---------------

OS: Windows 10.0 , 64 bit Build 19041 (10.0.19041.1645)

CPU:total 8 (4 cores per cpu, 2 threads per core) family 6 model 142 stepping 10, cmov, cx8, fxsr, mmx, sse, sse2, sse3, ssse3, sse4.1, sse4.2, popcnt, avx, avx2, aes, clmul, erms, 3dnowpref, lzcnt, ht, tsc, tscinvbit, bmi1, bmi2, adx

Memory: 4k page, physical 8295564k(700848k free), swap 16684172k(5094292k free)

vm_info: Java HotSpot(TM) 64-Bit Server VM (25.92-b14) for windows-amd64 JRE (1.8.0_92-b14), built on Mar 31 2016 21:03:04 by "java_re" with MS VC++ 10.0 (VS2010)

time: Tue May 03 11:53:10 2022
elapsed time: 703 seconds (0d 0h 11m 43s)

